#EXTM3U
#EXT-X-VERSION:3
#EXT-X-TARGETDURATION:11
#EXT-X-MEDIA-SEQUENCE:0
#EXTINF:10.023222,
hls-250p-a69160.ts
#EXTINF:10.000000,
hls-250p-a69161.ts
#EXTINF:10.000000,
hls-250p-a69162.ts
#EXTINF:10.000000,
hls-250p-a69163.ts
#EXTINF:10.000000,
hls-250p-a69164.ts
#EXTINF:10.000000,
hls-250p-a69165.ts
#EXTINF:10.000000,
hls-250p-a69166.ts
#EXTINF:10.000000,
hls-250p-a69167.ts
#EXTINF:10.000000,
hls-250p-a69168.ts
#EXTINF:10.000000,
hls-250p-a69169.ts
#EXTINF:10.000000,
hls-250p-a691610.ts
#EXTINF:10.000000,
hls-250p-a691611.ts
#EXTINF:10.000000,
hls-250p-a691612.ts
#EXTINF:10.000000,
hls-250p-a691613.ts
#EXTINF:10.000000,
hls-250p-a691614.ts
#EXTINF:10.000000,
hls-250p-a691615.ts
#EXTINF:10.000000,
hls-250p-a691616.ts
#EXTINF:10.000000,
hls-250p-a691617.ts
#EXTINF:10.000000,
hls-250p-a691618.ts
#EXTINF:10.000000,
hls-250p-a691619.ts
#EXTINF:10.000000,
hls-250p-a691620.ts
#EXTINF:10.000000,
hls-250p-a691621.ts
#EXTINF:10.000000,
hls-250p-a691622.ts
#EXTINF:10.000000,
hls-250p-a691623.ts
#EXTINF:10.000000,
hls-250p-a691624.ts
#EXTINF:10.000000,
hls-250p-a691625.ts
#EXTINF:10.000000,
hls-250p-a691626.ts
#EXTINF:10.000000,
hls-250p-a691627.ts
#EXTINF:10.000000,
hls-250p-a691628.ts
#EXTINF:10.000000,
hls-250p-a691629.ts
#EXTINF:10.000000,
hls-250p-a691630.ts
#EXTINF:10.000000,
hls-250p-a691631.ts
#EXTINF:10.000000,
hls-250p-a691632.ts
#EXTINF:10.000000,
hls-250p-a691633.ts
#EXTINF:10.000000,
hls-250p-a691634.ts
#EXTINF:10.000000,
hls-250p-a691635.ts
#EXTINF:10.000000,
hls-250p-a691636.ts
#EXTINF:10.000000,
hls-250p-a691637.ts
#EXTINF:9.700000,
hls-250p-a691638.ts
#EXT-X-ENDLIST


https://hls4-l3.xvideos-cdn.com/805e40a192a0201780f6b41d6c99d04aa8363b53-1593716718/videos/hls/2e/6d/c7/2e6dc7317df4e8c187e093a4e6e17266/hls-250p-a69160.ts